C:\Users\Ashley\Documents\Visual Studio 2012\Projects\VoIP\C#,C++\x86\Debug\BackEnd\PhoneVoIPApp.BackEnd.lib
C:\Users\Ashley\Documents\Visual Studio 2012\Projects\VoIP\C#,C++\x86\Debug\BackEnd\PhoneVoIPApp.BackEnd.exp
C:\Users\Ashley\Documents\Visual Studio 2012\Projects\VoIP\C#,C++\x86\Debug\BackEnd\PhoneVoIPApp.BackEnd.idl
C:\Users\Ashley\Documents\Visual Studio 2012\Projects\VoIP\C#,C++\x86\Debug\BackEnd\PhoneVoIPApp.BackEnd.OutOfProcess.idl
C:\Users\Ashley\Documents\Visual Studio 2012\Projects\VoIP\C#,C++\BackEndProxyStub\dlldata.c
C:\Users\Ashley\Documents\Visual Studio 2012\Projects\VoIP\C#,C++\BackEndProxyStub\PhoneVoIPApp.BackEnd_i.c
C:\Users\Ashley\Documents\Visual Studio 2012\Projects\VoIP\C#,C++\BackEndProxyStub\PhoneVoIPApp.BackEnd_p.c
C:\Users\Ashley\Documents\Visual Studio 2012\Projects\VoIP\C#,C++\BackEndProxyStub\PhoneVoIPApp.BackEnd.h
C:\Users\Ashley\Documents\Visual Studio 2012\Projects\VoIP\C#,C++\BackEndProxyStub\PhoneVoIPApp.BackEnd.OutOfProcess.h
C:\Users\Ashley\Documents\Visual Studio 2012\Projects\VoIP\C#,C++\BackEndProxyStub\PhoneVoIPApp.BackEnd.OutOfProcess_i.c
C:\Users\Ashley\Documents\Visual Studio 2012\Projects\VoIP\C#,C++\BackEndProxyStub\PhoneVoIPApp.BackEnd.OutOfProcess_p.c
C:\Users\Ashley\Documents\Visual Studio 2012\Projects\VoIP\C#,C++\Agents\RegistrationHelper.cs
C:\USERS\ASHLEY\DOCUMENTS\VISUAL STUDIO 2012\PROJECTS\VOIP\C#,C++\BACKEND\X86\DEBUG\BACKENDAUDIO.OBJ
C:\USERS\ASHLEY\DOCUMENTS\VISUAL STUDIO 2012\PROJECTS\VOIP\C#,C++\BACKEND\X86\DEBUG\GLOBALS.OBJ
C:\USERS\ASHLEY\DOCUMENTS\VISUAL STUDIO 2012\PROJECTS\VOIP\C#,C++\BACKEND\X86\DEBUG\BACKENDTRANSPORT.OBJ
C:\USERS\ASHLEY\DOCUMENTS\VISUAL STUDIO 2012\PROJECTS\VOIP\C#,C++\BACKEND\X86\DEBUG\APILOCK.OBJ
C:\USERS\ASHLEY\DOCUMENTS\VISUAL STUDIO 2012\PROJECTS\VOIP\C#,C++\BACKEND\X86\DEBUG\CALLCONTROLLER.OBJ
C:\USERS\ASHLEY\DOCUMENTS\VISUAL STUDIO 2012\PROJECTS\VOIP\C#,C++\BACKEND\X86\DEBUG\BACKENDCAPTURE.OBJ
C:\USERS\ASHLEY\DOCUMENTS\VISUAL STUDIO 2012\PROJECTS\VOIP\C#,C++\BACKEND\X86\DEBUG\VC110.PDB
C:\USERS\ASHLEY\DOCUMENTS\VISUAL STUDIO 2012\PROJECTS\VOIP\C#,C++\X86\DEBUG\BACKEND\PHONEVOIPAPP.BACKEND.ILK
C:\USERS\ASHLEY\DOCUMENTS\VISUAL STUDIO 2012\PROJECTS\VOIP\C#,C++\X86\DEBUG\BACKEND\PHONEVOIPAPP.BACKEND.DLL
C:\USERS\ASHLEY\DOCUMENTS\VISUAL STUDIO 2012\PROJECTS\VOIP\C#,C++\X86\DEBUG\BACKEND\PHONEVOIPAPP.BACKEND.WINMD
C:\USERS\ASHLEY\DOCUMENTS\VISUAL STUDIO 2012\PROJECTS\VOIP\C#,C++\X86\DEBUG\BACKEND\PHONEVOIPAPP.BACKEND.PDB
C:\Users\Ashley\Documents\Visual Studio 2012\Projects\VoIP\C#,C++\BackEnd\x86\Debug\BackEnd.vcxprojResolveAssemblyReference.cache
C:\Users\Ashley\Documents\Visual Studio 2012\Projects\VoIP\C#,C++\BackEnd\x86\Debug\ApiLock.obj
C:\Users\Ashley\Documents\Visual Studio 2012\Projects\VoIP\C#,C++\BackEnd\x86\Debug\BackEndAudio.obj
C:\Users\Ashley\Documents\Visual Studio 2012\Projects\VoIP\C#,C++\BackEnd\x86\Debug\BackEndCapture.obj
C:\Users\Ashley\Documents\Visual Studio 2012\Projects\VoIP\C#,C++\BackEnd\x86\Debug\BackEndTransport.obj
C:\Users\Ashley\Documents\Visual Studio 2012\Projects\VoIP\C#,C++\BackEnd\x86\Debug\CallController.obj
C:\Users\Ashley\Documents\Visual Studio 2012\Projects\VoIP\C#,C++\BackEnd\x86\Debug\Globals.obj
C:\Users\Ashley\Documents\Visual Studio 2012\Projects\VoIP\C#,C++\BackEnd\x86\Debug\BackEnd.write.1.tlog
C:\Users\Ashley\Documents\Visual Studio 2012\Projects\VoIP\C#,C++\BackEnd\x86\Debug\CL.1716.read.1.tlog
C:\Users\Ashley\Documents\Visual Studio 2012\Projects\VoIP\C#,C++\BackEnd\x86\Debug\CL.1716.write.1.tlog
C:\Users\Ashley\Documents\Visual Studio 2012\Projects\VoIP\C#,C++\BackEnd\x86\Debug\CL.4644.read.1.tlog
C:\Users\Ashley\Documents\Visual Studio 2012\Projects\VoIP\C#,C++\BackEnd\x86\Debug\CL.4644.write.1.tlog
C:\Users\Ashley\Documents\Visual Studio 2012\Projects\VoIP\C#,C++\BackEnd\x86\Debug\CL.5836.read.1.tlog
C:\Users\Ashley\Documents\Visual Studio 2012\Projects\VoIP\C#,C++\BackEnd\x86\Debug\CL.5836.write.1.tlog
C:\Users\Ashley\Documents\Visual Studio 2012\Projects\VoIP\C#,C++\BackEnd\x86\Debug\CL.6136.read.1.tlog
C:\Users\Ashley\Documents\Visual Studio 2012\Projects\VoIP\C#,C++\BackEnd\x86\Debug\CL.6136.write.1.tlog
C:\Users\Ashley\Documents\Visual Studio 2012\Projects\VoIP\C#,C++\BackEnd\x86\Debug\cl.command.1.tlog
C:\Users\Ashley\Documents\Visual Studio 2012\Projects\VoIP\C#,C++\BackEnd\x86\Debug\CL.read.1.tlog
C:\Users\Ashley\Documents\Visual Studio 2012\Projects\VoIP\C#,C++\BackEnd\x86\Debug\CL.read.2.tlog
C:\Users\Ashley\Documents\Visual Studio 2012\Projects\VoIP\C#,C++\BackEnd\x86\Debug\CL.read.3.tlog
C:\Users\Ashley\Documents\Visual Studio 2012\Projects\VoIP\C#,C++\BackEnd\x86\Debug\CL.read.4.tlog
C:\Users\Ashley\Documents\Visual Studio 2012\Projects\VoIP\C#,C++\BackEnd\x86\Debug\CL.write.1.tlog
C:\Users\Ashley\Documents\Visual Studio 2012\Projects\VoIP\C#,C++\BackEnd\x86\Debug\link.command.1.tlog
C:\Users\Ashley\Documents\Visual Studio 2012\Projects\VoIP\C#,C++\BackEnd\x86\Debug\link.read.1.tlog
C:\Users\Ashley\Documents\Visual Studio 2012\Projects\VoIP\C#,C++\BackEnd\x86\Debug\link.write.1.tlog
C:\Users\Ashley\Documents\Visual Studio 2012\Projects\VoIP\C#,C++\BackEnd\x86\Debug\vc110.idb
C:\Users\Ashley\Documents\Visual Studio 2012\Projects\VoIP\C#,C++\BackEnd\x86\Debug\vc110.pdb
C:\Users\Ashley\Documents\Visual Studio 2012\Projects\VoIP\C#,C++\x86\Debug\BackEnd\PhoneVoIPApp.BackEnd.pdb
C:\Users\Ashley\Documents\Visual Studio 2012\Projects\VoIP\C#,C++\x86\Debug\BackEnd\PhoneVoIPApp.BackEnd.dll
C:\Users\Ashley\Documents\Visual Studio 2012\Projects\VoIP\C#,C++\x86\Debug\BackEnd\PhoneVoIPApp.BackEnd.ilk
